Watching for file changes with StatReloader
"GET / HTTP/1.1" 200 215
"GET / HTTP/1.1" 200 215
"GET / HTTP/1.1" 200 215
Watching for file changes with StatReloader
"GET /admin/ HTTP/1.1" 302 0
"GET /admin/login/?next=/admin/ HTTP/1.1" 200 1913
"GET /static/admin/css/login.css HTTP/1.1" 200 1233
"GET /static/admin/css/base.css HTTP/1.1" 200 16378
"GET /static/admin/css/responsive.css HTTP/1.1" 200 18052
"GET /static/admin/css/fonts.css HTTP/1.1" 200 423
"GET /static/admin/fonts/Roboto-Regular-webfont.woff HTTP/1.1" 200 85876
"GET /static/admin/fonts/Roboto-Light-webfont.woff HTTP/1.1" 200 85692
"POST /admin/login/?next=/admin/ HTTP/1.1" 302 0
Watching for file changes with StatReloader
"GET / HTTP/1.1" 200 13955
"GET /static/rest_framework/img/grid.png HTTP/1.1" 200 1458
"GET /static/rest_framework/img/grid.png HTTP/1.1" 500 59
Not Found: /favicon.ico
"GET /favicon.ico HTTP/1.1" 404 2363
"GET /admin/ HTTP/1.1" 302 0
"GET /admin/login/?next=/admin/ HTTP/1.1" 200 1913
"GET /static/admin/css/base.css HTTP/1.1" 200 4096
"GET /static/admin/css/login.css HTTP/1.1" 200 1233
"POST /admin/login/?next=/admin/ HTTP/1.1" 200 2074
"GET /static/admin/fonts/Roboto-Bold-webfont.woff HTTP/1.1" 200 86184
"POST /admin/login/?next=/admin/ HTTP/1.1" 200 2074
"POST /admin/login/?next=/admin/ HTTP/1.1" 200 2074
"POST /admin/login/?next=/admin/ HTTP/1.1" 302 0
Watching for file changes with StatReloader
Watching for file changes with StatReloader
"GET / HTTP/1.1" 200 13997
"GET /static/rest_framework/img/grid.png HTTP/1.1" 200 1458
Not Found: /favicon.ico
"GET /favicon.ico HTTP/1.1" 404 2363
"GET /admin/ HTTP/1.1" 200 3050
"GET /static/admin/css/dashboard.css HTTP/1.1" 200 412
"GET /static/admin/css/responsive.css HTTP/1.1" 200 8192
"GET /static/admin/img/icon-changelink.svg HTTP/1.1" 200 380
"GET /static/admin/img/icon-addlink.svg HTTP/1.1" 200 331
"GET /static/admin/fonts/Roboto-Regular-webfont.woff HTTP/1.1" 200 85876
"GET /static/admin/fonts/Roboto-Bold-webfont.woff HTTP/1.1" 200 8192
Watching for file changes with StatReloader
"GET / HTTP/1.1" 200 13955
"GET /static/rest_framework/img/grid.png HTTP/1.1" 200 1458
"GET /admin/ HTTP/1.1" 302 0
"GET /admin/login/?next=/admin/ HTTP/1.1" 200 1819
"POST /admin/login/?next=/admin/ HTTP/1.1" 302 0
"GET /admin/ HTTP/1.1" 200 3050
"GET /static/admin/css/dashboard.css HTTP/1.1" 304 0
"GET /static/admin/img/icon-addlink.svg HTTP/1.1" 304 0
"GET /static/admin/img/icon-changelink.svg HTTP/1.1" 304 0
"GET /admin/auth/group/ HTTP/1.1" 200 3510
"GET /static/admin/css/changelists.css HTTP/1.1" 200 6170
"GET /static/admin/js/core.js HTTP/1.1" 200 7099
"GET /static/admin/js/admin/RelatedObjectLookups.js HTTP/1.1" 200 6918
"GET /static/admin/js/actions.js HTTP/1.1" 200 6766
"GET /static/admin/js/jquery.init.js HTTP/1.1" 200 363
"GET /static/admin/js/urlify.js HTTP/1.1" 200 8941
"GET /static/admin/js/prepopulate.js HTTP/1.1" 200 1530
"GET /static/admin/js/vendor/jquery/jquery.js HTTP/1.1" 200 287630
"GET /static/admin/js/vendor/xregexp/xregexp.js HTTP/1.1" 200 128820
"GET /admin/jsi18n/ HTTP/1.1" 200 3223
"GET /static/admin/img/search.svg HTTP/1.1" 200 458
"GET /static/admin/img/tooltag-add.svg HTTP/1.1" 200 331
Not Found: /favicon.ico
"GET /favicon.ico HTTP/1.1" 404 2363
"GET /admin/ HTTP/1.1" 200 3050
"GET /admin/auth/user/ HTTP/1.1" 200 6616
"GET /admin/jsi18n/ HTTP/1.1" 200 3223
"GET /static/admin/img/icon-yes.svg HTTP/1.1" 200 436
"GET /static/admin/img/sorting-icons.svg HTTP/1.1" 200 1097
"GET /admin/ HTTP/1.1" 200 3050
Watching for file changes with StatReloader
/Users/malenkijkotik/Desktop/progs/rsoi-online-store/online-store-billing/billing_app/requesters/authrequester.py changed, reloading.
Watching for file changes with StatReloader
/Users/malenkijkotik/Desktop/progs/rsoi-online-store/online-store-billing/billing_app/requesters/authrequester.py changed, reloading.
Watching for file changes with StatReloader
/Users/malenkijkotik/Desktop/progs/rsoi-online-store/online-store-billing/billing_app/views.py changed, reloading.
Watching for file changes with StatReloader
Watching for file changes with StatReloader
"GET /d9312210-195c-4e0d-9bc2-b880defcf19e/ HTTP/1.1" 200 106
Watching for file changes with StatReloader
"POST / HTTP/1.1" 201 106
"POST / HTTP/1.1" 201 106
"POST / HTTP/1.1" 201 106
"POST / HTTP/1.1" 201 106
"POST / HTTP/1.1" 201 106
"POST / HTTP/1.1" 201 106
"POST / HTTP/1.1" 201 106
"POST / HTTP/1.1" 201 106
"POST / HTTP/1.1" 201 106
"POST / HTTP/1.1" 201 106
"POST / HTTP/1.1" 201 106
Watching for file changes with StatReloader
"GET /d9312210-195c-4e0d-9bc2-b880defcf19e/ HTTP/1.1" 200 106
"GET /d9312210-195c-4e0d-9bc2-b880defcf19e/ HTTP/1.1" 200 106
"GET /558d0e6f-7b9a-4280-b573-bc1728c36363/ HTTP/1.1" 200 106
"GET /b524410f-8f19-4912-ada9-f722d24dd477/ HTTP/1.1" 200 106
"GET /8193bf63-16f4-4898-a004-1168b9efe07b/ HTTP/1.1" 200 106
"GET /b5df6225-ca20-4a72-8522-9148d47b31e4/ HTTP/1.1" 200 106
"GET /fcdcc660-bd42-4754-ad5d-5ab648057ab1/ HTTP/1.1" 200 106
"GET /264e431b-00a7-4bbb-ba99-658356d89d33/ HTTP/1.1" 200 106
"GET /56ddc4cc-4220-4d85-959c-f0f0cabb9030/ HTTP/1.1" 200 106
"GET /3a4ac26a-553f-4c8e-aba6-88231b7a94b1/ HTTP/1.1" 200 106
Not Found: /ef926fa2-8edd-444c-86d7-654da44393a7/
"GET /ef926fa2-8edd-444c-86d7-654da44393a7/ HTTP/1.1" 404 0
Not Found: /846c5fb7-ccaf-4721-92f0-4fe4b848b154/
"GET /846c5fb7-ccaf-4721-92f0-4fe4b848b154/ HTTP/1.1" 404 0
"GET /d9312210-195c-4e0d-9bc2-b880defcf19e/ HTTP/1.1" 200 106
"GET /558d0e6f-7b9a-4280-b573-bc1728c36363/ HTTP/1.1" 200 106
"GET /b524410f-8f19-4912-ada9-f722d24dd477/ HTTP/1.1" 200 106
"GET /8193bf63-16f4-4898-a004-1168b9efe07b/ HTTP/1.1" 200 106
"GET /b5df6225-ca20-4a72-8522-9148d47b31e4/ HTTP/1.1" 200 106
"GET /fcdcc660-bd42-4754-ad5d-5ab648057ab1/ HTTP/1.1" 200 106
"GET /264e431b-00a7-4bbb-ba99-658356d89d33/ HTTP/1.1" 200 106
"GET /56ddc4cc-4220-4d85-959c-f0f0cabb9030/ HTTP/1.1" 200 106
"GET /3a4ac26a-553f-4c8e-aba6-88231b7a94b1/ HTTP/1.1" 200 106
Not Found: /ef926fa2-8edd-444c-86d7-654da44393a7/
"GET /ef926fa2-8edd-444c-86d7-654da44393a7/ HTTP/1.1" 404 0
Not Found: /846c5fb7-ccaf-4721-92f0-4fe4b848b154/
"GET /846c5fb7-ccaf-4721-92f0-4fe4b848b154/ HTTP/1.1" 404 0
"GET /d9312210-195c-4e0d-9bc2-b880defcf19e/ HTTP/1.1" 200 106
"GET /558d0e6f-7b9a-4280-b573-bc1728c36363/ HTTP/1.1" 200 106
"GET /b524410f-8f19-4912-ada9-f722d24dd477/ HTTP/1.1" 200 106
"GET /8193bf63-16f4-4898-a004-1168b9efe07b/ HTTP/1.1" 200 106
"GET /b5df6225-ca20-4a72-8522-9148d47b31e4/ HTTP/1.1" 200 106
"GET /fcdcc660-bd42-4754-ad5d-5ab648057ab1/ HTTP/1.1" 200 106
"GET /264e431b-00a7-4bbb-ba99-658356d89d33/ HTTP/1.1" 200 106
"GET /56ddc4cc-4220-4d85-959c-f0f0cabb9030/ HTTP/1.1" 200 106
"GET /3a4ac26a-553f-4c8e-aba6-88231b7a94b1/ HTTP/1.1" 200 106
Not Found: /ef926fa2-8edd-444c-86d7-654da44393a7/
"GET /ef926fa2-8edd-444c-86d7-654da44393a7/ HTTP/1.1" 404 0
Not Found: /846c5fb7-ccaf-4721-92f0-4fe4b848b154/
"GET /846c5fb7-ccaf-4721-92f0-4fe4b848b154/ HTTP/1.1" 404 0
"GET /d9312210-195c-4e0d-9bc2-b880defcf19e/ HTTP/1.1" 200 106
"GET /558d0e6f-7b9a-4280-b573-bc1728c36363/ HTTP/1.1" 200 106
"GET /b524410f-8f19-4912-ada9-f722d24dd477/ HTTP/1.1" 200 106
"GET /8193bf63-16f4-4898-a004-1168b9efe07b/ HTTP/1.1" 200 106
"GET /b5df6225-ca20-4a72-8522-9148d47b31e4/ HTTP/1.1" 200 106
"GET /fcdcc660-bd42-4754-ad5d-5ab648057ab1/ HTTP/1.1" 200 106
"GET /264e431b-00a7-4bbb-ba99-658356d89d33/ HTTP/1.1" 200 106
"GET /56ddc4cc-4220-4d85-959c-f0f0cabb9030/ HTTP/1.1" 200 106
"GET /3a4ac26a-553f-4c8e-aba6-88231b7a94b1/ HTTP/1.1" 200 106
Not Found: /ef926fa2-8edd-444c-86d7-654da44393a7/
"GET /ef926fa2-8edd-444c-86d7-654da44393a7/ HTTP/1.1" 404 0
Not Found: /846c5fb7-ccaf-4721-92f0-4fe4b848b154/
"GET /846c5fb7-ccaf-4721-92f0-4fe4b848b154/ HTTP/1.1" 404 0
Watching for file changes with StatReloader
/Users/malenkijkotik/Desktop/progs/rsoi-online-store/online-store-billing/billing_app/views.py changed, reloading.
Watching for file changes with StatReloader
/Users/malenkijkotik/Desktop/progs/rsoi-online-store/online-store-billing/billing_app/views.py changed, reloading.
Watching for file changes with StatReloader
"GET /d9312210-195c-4e0d-9bc2-b880defcf19e/ HTTP/1.1" 200 106
"GET /558d0e6f-7b9a-4280-b573-bc1728c36363/ HTTP/1.1" 200 106
"GET /b524410f-8f19-4912-ada9-f722d24dd477/ HTTP/1.1" 200 106
"GET /8193bf63-16f4-4898-a004-1168b9efe07b/ HTTP/1.1" 200 106
"GET /b5df6225-ca20-4a72-8522-9148d47b31e4/ HTTP/1.1" 200 106
"GET /fcdcc660-bd42-4754-ad5d-5ab648057ab1/ HTTP/1.1" 200 106
"GET /264e431b-00a7-4bbb-ba99-658356d89d33/ HTTP/1.1" 200 106
"GET /56ddc4cc-4220-4d85-959c-f0f0cabb9030/ HTTP/1.1" 200 106
"GET /3a4ac26a-553f-4c8e-aba6-88231b7a94b1/ HTTP/1.1" 200 106
Not Found: /ef926fa2-8edd-444c-86d7-654da44393a7/
"GET /ef926fa2-8edd-444c-86d7-654da44393a7/ HTTP/1.1" 404 0
Not Found: /846c5fb7-ccaf-4721-92f0-4fe4b848b154/
"GET /846c5fb7-ccaf-4721-92f0-4fe4b848b154/ HTTP/1.1" 404 0
Not Found: /29ab7d9c-c5a8-4b8c-82d7-ae7cc02cc778/
"GET /29ab7d9c-c5a8-4b8c-82d7-ae7cc02cc778/ HTTP/1.1" 404 0
/Users/malenkijkotik/Desktop/progs/rsoi-online-store/online-store-billing/billing_app/views.py changed, reloading.
Watching for file changes with StatReloader
Watching for file changes with StatReloader
"POST / HTTP/1.1" 201 106
"POST / HTTP/1.1" 201 106
"POST / HTTP/1.1" 201 106
"POST / HTTP/1.1" 201 106
"POST / HTTP/1.1" 201 106
"POST / HTTP/1.1" 201 106
"POST / HTTP/1.1" 201 106
"POST / HTTP/1.1" 201 106
"POST / HTTP/1.1" 201 106
"POST / HTTP/1.1" 201 106
"POST / HTTP/1.1" 201 106
"POST / HTTP/1.1" 201 106
"POST / HTTP/1.1" 201 106
"GET /fcdcc660-bd42-4754-ad5d-5ab648057ab1/ HTTP/1.1" 200 106
"GET /9010c3e8-77fa-4bab-a327-4960023c3bf4/ HTTP/1.1" 200 106
"GET /6c5bbb57-8d6b-4ad0-95de-635ce80797d0/ HTTP/1.1" 200 106
"GET /7e014e9a-b461-4e97-a6dc-69ee1b2991b9/ HTTP/1.1" 200 106
"GET /be2cb8ca-93c5-40c1-8ba2-f4df3345b928/ HTTP/1.1" 200 106
"GET /0507e9a0-860d-4e60-90cb-c3649c0bdf05/ HTTP/1.1" 200 106
"GET /25be9728-2e84-474f-8201-903c130fa2b5/ HTTP/1.1" 200 106
"GET /bdcacdd4-20e4-403f-8936-43451323b8f1/ HTTP/1.1" 200 106
"GET /6635b287-acbc-4741-b017-77e83f7a49c7/ HTTP/1.1" 200 106
"GET /264e431b-00a7-4bbb-ba99-658356d89d33/ HTTP/1.1" 200 106
"GET /fcdcc660-bd42-4754-ad5d-5ab648057ab1/ HTTP/1.1" 200 106
"GET /9010c3e8-77fa-4bab-a327-4960023c3bf4/ HTTP/1.1" 200 106
"GET /6c5bbb57-8d6b-4ad0-95de-635ce80797d0/ HTTP/1.1" 200 106
"GET /7e014e9a-b461-4e97-a6dc-69ee1b2991b9/ HTTP/1.1" 200 106
"GET /be2cb8ca-93c5-40c1-8ba2-f4df3345b928/ HTTP/1.1" 200 106
"GET /0507e9a0-860d-4e60-90cb-c3649c0bdf05/ HTTP/1.1" 200 106
"GET /25be9728-2e84-474f-8201-903c130fa2b5/ HTTP/1.1" 200 106
"GET /bdcacdd4-20e4-403f-8936-43451323b8f1/ HTTP/1.1" 200 106
"GET /6635b287-acbc-4741-b017-77e83f7a49c7/ HTTP/1.1" 200 106
"POST / HTTP/1.1" 201 106
"POST / HTTP/1.1" 201 106
"POST / HTTP/1.1" 201 106
"POST / HTTP/1.1" 201 106
Watching for file changes with StatReloader
Unauthorized: /
"GET / HTTP/1.1" 401 183
Unauthorized: /
"GET / HTTP/1.1" 401 183
/Users/malenkijkotik/Desktop/progs/rsoi-online-store/online-store-billing/billing_app/requesters/authrequester.py changed, reloading.
Watching for file changes with StatReloader
Unauthorized: /
"GET / HTTP/1.1" 401 183
/Users/malenkijkotik/Desktop/progs/rsoi-online-store/online-store-billing/billing_app/requesters/authrequester.py changed, reloading.
Watching for file changes with StatReloader
Unauthorized: /
"GET / HTTP/1.1" 401 183
/Users/malenkijkotik/Desktop/progs/rsoi-online-store/online-store-billing/billing_app/permissions.py changed, reloading.
Watching for file changes with StatReloader
"GET / HTTP/1.1" 200 3211
Forbidden: /
"GET / HTTP/1.1" 403 58
/Users/malenkijkotik/Desktop/progs/rsoi-online-store/online-store-billing/billing_app/views.py changed, reloading.
Watching for file changes with StatReloader
/Users/malenkijkotik/Desktop/progs/rsoi-online-store/online-store-billing/billing_app/views.py changed, reloading.
Watching for file changes with StatReloader
/Users/malenkijkotik/Desktop/progs/rsoi-online-store/online-store-billing/billing_app/views.py changed, reloading.
Watching for file changes with StatReloader
